Arguments: 
  /usr/local/Cellar/node/15.0.1/bin/node /usr/local/Cellar/yarn/1.22.10/libexec/bin/yarn.js global add nodemon

PATH: 
  /Users/yan1/.pip-apps/bin:/usr/local/bin:/usr/bin:/bin:/usr/sbin:/sbin:/opt/X11/bin:/usr/local/sbin:/Users/yan1/.zgen/unixorn/jpb.zshplugin-master/bin:/Users/yan1/.zgen/unixorn/warhol.plugin.zsh-master/bin:/Users/yan1/.zgen/unixorn/tumult.plugin.zsh-master/bin:/Users/yan1/.zgen/unixorn/git-extra-commands-master/bin:/Users/yan1/.fzf/bin:/Users/yan1/.zgen/unixorn/bitbucket-git-helpers.plugin.zsh-master/bin:/Users/yan1/.zgen/skx/sysadmin-util-master:/Users/yan1/.zgen/StackExchange/blackbox-master/bin

Yarn version: 
  1.22.10

Node version: 
  15.0.1

Platform: 
  darwin x64

Trace: 
  SyntaxError: /Users/yan1/bot1/package.json: Unexpected token x in JSON at position 152
      at JSON.parse (<anonymous>)
      at /usr/local/Cellar/yarn/1.22.10/libexec/lib/cli.js:1625:59
      at Generator.next (<anonymous>)
      at step (/usr/local/Cellar/yarn/1.22.10/libexec/lib/cli.js:310:30)
      at /usr/local/Cellar/yarn/1.22.10/libexec/lib/cli.js:321:13

npm manifest: 
  {
    "name": "bot1",
    "version": "0.0.1",
    "description": "first bot ever creaTED",
    "main": "bot.js",
    "scripts": {
      "start": "nodemon ./bot.js",xwww
      "test": "echo \"Error: no test specified\" && exit 1"
    },
    "repository": {
      "type": "git",
      "url": "git+https://github.com/anyarulina/abstracted-bot.git"
    },
    "author": "Alsu Yarulina <al.yarulina@gmail.com>",
    "license": "ISC",
    "bugs": {
      "url": "https://github.com/anyarulina/abstracted-bot/issues"
    },
    "homepage": "https://github.com/anyarulina/abstracted-bot#readme"
  }

yarn manifest: 
  No manifest

Lockfile: 
  No lockfile
